{"C:\\Users\\USUARIO\\itm350-Mattvil-test\\bb\\node-bulletin-board\\bulletin-board-app\\backend\\api.js": {"path":"C:\\Users\\USUARIO\\itm350-Mattvil-test\\bb\\node-bulletin-board\\bulletin-board-app\\backend\\api.js","statementMap":{"0":{"start":{"line":1,"column":13},"end":{"line":1,"column":35}},"1":{"start":{"line":3,"column":0},"end":{"line":5,"column":2}},"2":{"start":{"line":4,"column":2},"end":{"line":4,"column":19}},"3":{"start":{"line":7,"column":0},"end":{"line":9,"column":2}},"4":{"start":{"line":8,"column":2},"end":{"line":8,"column":38}}},"fnMap":{"0":{"name":"(anonymous_0)","decl":{"start":{"line":3,"column":17},"end":{"line":3,"column":18}},"loc":{"start":{"line":3,"column":37},"end":{"line":5,"column":1}},"line":3},"1":{"name":"(anonymous_1)","decl":{"start":{"line":7,"column":16},"end":{"line":7,"column":17}},"loc":{"start":{"line":7,"column":36},"end":{"line":9,"column":1}},"line":7}},"branchMap":{},"s":{"0":1,"1":1,"2":1,"3":1,"4":1},"f":{"0":1,"1":1},"b":{},"_coverageSchema":"1a1c01bbd47fc00a2c39e90264f33305004495a9","hash":"b947e4bce680f7031026e798597c0b174d282e7b"}
,"C:\\Users\\USUARIO\\itm350-Mattvil-test\\bb\\node-bulletin-board\\bulletin-board-app\\backend\\events.js": {"path":"C:\\Users\\USUARIO\\itm350-Mattvil-test\\bb\\node-bulletin-board\\bulletin-board-app\\backend\\events.js","statementMap":{"0":{"start":{"line":1,"column":0},"end":{"line":19,"column":4}}},"fnMap":{},"branchMap":{},"s":{"0":2},"f":{},"b":{},"_coverageSchema":"1a1c01bbd47fc00a2c39e90264f33305004495a9","hash":"dc824b79f8237b5ab84bd812e2517acf0425e9d8"}
,"C:\\Users\\USUARIO\\itm350-Mattvil-test\\bb\\node-bulletin-board\\bulletin-board-app\\backend\\index.js": {"path":"C:\\Users\\USUARIO\\itm350-Mattvil-test\\bb\\node-bulletin-board\\bulletin-board-app\\backend\\index.js","statementMap":{"0":{"start":{"line":1,"column":0},"end":{"line":3,"column":1}},"1":{"start":{"line":2,"column":2},"end":{"line":2,"column":22}}},"fnMap":{"0":{"name":"(anonymous_0)","decl":{"start":{"line":1,"column":16},"end":{"line":1,"column":17}},"loc":{"start":{"line":1,"column":36},"end":{"line":3,"column":1}},"line":1}},"branchMap":{},"s":{"0":1,"1":1},"f":{"0":1},"b":{},"_coverageSchema":"1a1c01bbd47fc00a2c39e90264f33305004495a9","hash":"3d51a3bd021aad2b180f1f337b98d19052a23432"}
,"C:\\Users\\USUARIO\\itm350-Mattvil-test\\src\\sum.js": {"path":"C:\\Users\\USUARIO\\itm350-Mattvil-test\\src\\sum.js","statementMap":{"0":{"start":{"line":2,"column":4},"end":{"line":2,"column":17}},"1":{"start":{"line":4,"column":2},"end":{"line":4,"column":23}}},"fnMap":{"0":{"name":"sum","decl":{"start":{"line":1,"column":9},"end":{"line":1,"column":12}},"loc":{"start":{"line":1,"column":19},"end":{"line":3,"column":3}},"line":1}},"branchMap":{},"s":{"0":1,"1":1},"f":{"0":1},"b":{},"_coverageSchema":"1a1c01bbd47fc00a2c39e90264f33305004495a9","hash":"b143c443bfbd7fd9a803dd2f335447f4d5394b91"}
,"C:\\Users\\USUARIO\\itm350-Mattvil-test\\unit_test_patterns_examples\\src\\helloworld.js": {"path":"C:\\Users\\USUARIO\\itm350-Mattvil-test\\unit_test_patterns_examples\\src\\helloworld.js","statementMap":{"0":{"start":{"line":1,"column":18},"end":{"line":1,"column":26}},"1":{"start":{"line":3,"column":4},"end":{"line":3,"column":32}},"2":{"start":{"line":5,"column":0},"end":{"line":5,"column":32}},"3":{"start":{"line":6,"column":0},"end":{"line":6,"column":25}}},"fnMap":{"0":{"name":"getname","decl":{"start":{"line":2,"column":9},"end":{"line":2,"column":16}},"loc":{"start":{"line":2,"column":28},"end":{"line":4,"column":1}},"line":2}},"branchMap":{},"s":{"0":8,"1":100020,"2":8,"3":8},"f":{"0":100020},"b":{},"_coverageSchema":"1a1c01bbd47fc00a2c39e90264f33305004495a9","hash":"a3f3104854300129d891543da76abc5b6ee3fb87"}
}
