TN:
SF:bb\node-bulletin-board\bulletin-board-app\backend\api.js
FN:3,(anonymous_0)
FN:7,(anonymous_1)
FNF:2
FNH:2
FNDA:1,(anonymous_0)
FNDA:1,(anonymous_1)
DA:1,1
DA:3,1
DA:4,1
DA:7,1
DA:8,1
LF:5
LH:5
BRF:0
BRH:0
end_of_record
TN:
SF:bb\node-bulletin-board\bulletin-board-app\backend\events.js
FNF:0
FNH:0
DA:1,2
LF:1
LH:1
BRF:0
BRH:0
end_of_record
TN:
SF:bb\node-bulletin-board\bulletin-board-app\backend\index.js
FN:1,(anonymous_0)
FNF:1
FNH:1
FNDA:1,(anonymous_0)
DA:1,1
DA:2,1
LF:2
LH:2
BRF:0
BRH:0
end_of_record
TN:
SF:src\sum.js
FN:1,sum
FNF:1
FNH:1
FNDA:1,sum
DA:2,1
DA:4,1
LF:2
LH:2
BRF:0
BRH:0
end_of_record
TN:
SF:unit_test_patterns_examples\src\helloworld.js
FN:2,getname
FNF:1
FNH:1
FNDA:100020,getname
DA:1,8
DA:3,100020
DA:5,8
DA:6,8
LF:4
LH:4
BRF:0
BRH:0
end_of_record
